# JRE version: Java(TM) SE Runtime Environment (8.0_131-b11) (build 1.8.0_131-b11)
# Java VM: Java HotSpot(TM) 64-Bit Server VM (25.131-b11 mixed mode windows-amd64 compressed oops)
Heap:
 PSYoungGen      total 333824K, used 204502K [0x0000000740500000, 0x0000000756680000, 0x00000007c0000000)
  eden space 312832K, 65% used [0x0000000740500000,0x000000074ccb5958,0x0000000753680000)
  from space 20992K, 0% used [0x0000000754b00000,0x0000000754b00000,0x0000000755f80000)
  to   space 20992K, 0% used [0x0000000753680000,0x0000000753680000,0x0000000754b00000)
 ParOldGen       total 215552K, used 30020K [0x0000000640e00000, 0x000000064e080000, 0x0000000740500000)
  object space 215552K, 13% used [0x0000000640e00000,0x0000000642b51360,0x000000064e080000)
 Metaspace       used 98862K, capacity 109109K, committed 110744K, reserved 1144832K
  class space    used 13458K, capacity 14442K, committed 14760K, reserved 1048576K
GC Heap History (10 events):
Event: 17.128 GC heap before
{Heap before GC invocations=10 (full 3):
 PSYoungGen      total 163328K, used 148480K [0x0000000740500000, 0x000000074cd80000, 0x00000007c0000000)
  eden space 148480K, 100% used [0x0000000740500000,0x0000000749600000,0x0000000749600000)
  from space 14848K, 0% used [0x000000074a480000,0x000000074a480000,0x000000074b300000)
  to   space 14848K, 0% used [0x0000000749600000,0x0000000749600000,0x000000074a480000)
 ParOldGen       total 215552K, used 14222K [0x0000000640e00000, 0x000000064e080000, 0x0000000740500000)
  object space 215552K, 6% used [0x0000000640e00000,0x0000000641be3878,0x000000064e080000)
 Metaspace       used 58304K, capacity 66556K, committed 66712K, reserved 1107968K
  class space    used 8190K, capacity 9121K, committed 9128K, reserved 1048576K
Event: 17.134 GC heap after
Heap after GC invocations=10 (full 3):
 PSYoungGen      total 163328K, used 5464K [0x0000000740500000, 0x0000000750b80000, 0x00000007c0000000)
  eden space 148480K, 0% used [0x0000000740500000,0x0000000740500000,0x0000000749600000)
  from space 14848K, 36% used [0x0000000749600000,0x0000000749b563b0,0x000000074a480000)
  to   space 15360K, 0% used [0x000000074fc80000,0x000000074fc80000,0x0000000750b80000)
 ParOldGen       total 215552K, used 14230K [0x0000000640e00000, 0x000000064e080000, 0x0000000740500000)
  object space 215552K, 6% used [0x0000000640e00000,0x0000000641be5878,0x000000064e080000)
 Metaspace       used 58304K, capacity 66556K, committed 66712K, reserved 1107968K
  class space    used 8190K, capacity 9121K, committed 9128K, reserved 1048576K
}
Event: 18.029 GC heap before
{Heap before GC invocations=11 (full 3):
 PSYoungGen      total 163328K, used 153944K [0x0000000740500000, 0x0000000750b80000, 0x00000007c0000000)
  eden space 148480K, 100% used [0x0000000740500000,0x0000000749600000,0x0000000749600000)
  from space 14848K, 36% used [0x0000000749600000,0x0000000749b563b0,0x000000074a480000)
  to   space 15360K, 0% used [0x000000074fc80000,0x000000074fc80000,0x0000000750b80000)
 ParOldGen       total 215552K, used 14230K [0x0000000640e00000, 0x000000064e080000, 0x0000000740500000)
  object space 215552K, 6% used [0x0000000640e00000,0x0000000641be5878,0x000000064e080000)
 Metaspace       used 66369K, capacity 76926K, committed 77208K, reserved 1116160K
  class space    used 9343K, capacity 10544K, committed 10664K, reserved 1048576K
Event: 18.040 GC heap after
Heap after GC invocations=11 (full 3):
 PSYoungGen      total 247296K, used 12402K [0x0000000740500000, 0x0000000750900000, 0x00000007c0000000)
  eden space 234496K, 0% used [0x0000000740500000,0x0000000740500000,0x000000074ea00000)
  from space 12800K, 96% used [0x000000074fc80000,0x000000075089c978,0x0000000750900000)
  to   space 15872K, 0% used [0x000000074ea00000,0x000000074ea00000,0x000000074f980000)
 ParOldGen       total 215552K, used 14238K [0x0000000640e00000, 0x000000064e080000, 0x0000000740500000)
  object space 215552K, 6% used [0x0000000640e00000,0x0000000641be7878,0x000000064e080000)
 Metaspace       used 66369K, capacity 76926K, committed 77208K, reserved 1116160K
  class space    used 9343K, capacity 10544K, committed 10664K, reserved 1048576K
}
Event: 19.202 GC heap before
{Heap before GC invocations=12 (full 3):
 PSYoungGen      total 247296K, used 246898K [0x0000000740500000, 0x0000000750900000, 0x00000007c0000000)
  eden space 234496K, 100% used [0x0000000740500000,0x000000074ea00000,0x000000074ea00000)
  from space 12800K, 96% used [0x000000074fc80000,0x000000075089c978,0x0000000750900000)
  to   space 15872K, 0% used [0x000000074ea00000,0x000000074ea00000,0x000000074f980000)
 ParOldGen       total 215552K, used 14238K [0x0000000640e00000, 0x000000064e080000, 0x0000000740500000)
  object space 215552K, 6% used [0x0000000640e00000,0x0000000641be7878,0x000000064e080000)
 Metaspace       used 80739K, capacity 91869K, committed 92056K, reserved 1128448K
  class space    used 11182K, capacity 12388K, committed 12456K, reserved 1048576K
Event: 19.215 GC heap after
Heap after GC invocations=12 (full 3):
 PSYoungGen      total 250368K, used 15867K [0x0000000740500000, 0x0000000755f80000, 0x00000007c0000000)
  eden space 234496K, 0% used [0x0000000740500000,0x0000000740500000,0x000000074ea00000)
  from space 15872K, 99% used [0x000000074ea00000,0x000000074f97ed88,0x000000074f980000)
  to   space 20992K, 0% used [0x0000000754b00000,0x0000000754b00000,0x0000000755f80000)
 ParOldGen       total 215552K, used 21633K [0x0000000640e00000, 0x000000064e080000, 0x0000000740500000)
  object space 215552K, 10% used [0x0000000640e00000,0x00000006423206c8,0x000000064e080000)
 Metaspace       used 80739K, capacity 91869K, committed 92056K, reserved 1128448K
  class space    used 11182K, capacity 12388K, committed 12456K, reserved 1048576K
}
Event: 19.530 GC heap before
{Heap before GC invocations=13 (full 3):
 PSYoungGen      total 250368K, used 74578K [0x0000000740500000, 0x0000000755f80000, 0x00000007c0000000)
  eden space 234496K, 25% used [0x0000000740500000,0x0000000743e55e10,0x000000074ea00000)
  from space 15872K, 99% used [0x000000074ea00000,0x000000074f97ed88,0x000000074f980000)
  to   space 20992K, 0% used [0x0000000754b00000,0x0000000754b00000,0x0000000755f80000)
 ParOldGen       total 215552K, used 21633K [0x0000000640e00000, 0x000000064e080000, 0x0000000740500000)
  object space 215552K, 10% used [0x0000000640e00000,0x00000006423206c8,0x000000064e080000)
 Metaspace       used 87111K, capacity 98309K, committed 98584K, reserved 1134592K
  class space    used 11885K, capacity 13086K, committed 13096K, reserved 1048576K
Event: 19.539 GC heap after
Heap after GC invocations=13 (full 3):
 PSYoungGen      total 333824K, used 13518K [0x0000000740500000, 0x0000000756680000, 0x00000007c0000000)
  eden space 312832K, 0% used [0x0000000740500000,0x0000000740500000,0x0000000753680000)
  from space 20992K, 64% used [0x0000000754b00000,0x0000000755833888,0x0000000755f80000)
  to   space 20992K, 0% used [0x0000000753680000,0x0000000753680000,0x0000000754b00000)
 ParOldGen       total 215552K, used 25287K [0x0000000640e00000, 0x000000064e080000, 0x0000000740500000)
  object space 215552K, 11% used [0x0000000640e00000,0x00000006426b1d28,0x000000064e080000)
 Metaspace       used 87111K, capacity 98309K, committed 98584K, reserved 1134592K
  class space    used 11885K, capacity 13086K, committed 13096K, reserved 1048576K
}
Event: 19.539 GC heap before
{Heap before GC invocations=14 (full 4):
 PSYoungGen      total 333824K, used 13518K [0x0000000740500000, 0x0000000756680000, 0x00000007c0000000)
  eden space 312832K, 0% used [0x0000000740500000,0x0000000740500000,0x0000000753680000)
  from space 20992K, 64% used [0x0000000754b00000,0x0000000755833888,0x0000000755f80000)
  to   space 20992K, 0% used [0x0000000753680000,0x0000000753680000,0x0000000754b00000)
 ParOldGen       total 215552K, used 25287K [0x0000000640e00000, 0x000000064e080000, 0x0000000740500000)
  object space 215552K, 11% used [0x0000000640e00000,0x00000006426b1d28,0x000000064e080000)
 Metaspace       used 87111K, capacity 98309K, committed 98584K, reserved 1134592K
  class space    used 11885K, capacity 13086K, committed 13096K, reserved 1048576K
Event: 19.600 GC heap after
Heap after GC invocations=14 (full 4):
 PSYoungGen      total 333824K, used 0K [0x0000000740500000, 0x0000000756680000, 0x00000007c0000000)
  eden space 312832K, 0% used [0x0000000740500000,0x0000000740500000,0x0000000753680000)
  from space 20992K, 0% used [0x0000000754b00000,0x0000000754b00000,0x0000000755f80000)
  to   space 20992K, 0% used [0x0000000753680000,0x0000000753680000,0x0000000754b00000)
 ParOldGen       total 215552K, used 30020K [0x0000000640e00000, 0x000000064e080000, 0x0000000740500000)
  object space 215552K, 13% used [0x0000000640e00000,0x0000000642b51360,0x000000064e080000)
 Metaspace       used 85271K, capacity 93925K, committed 98584K, reserved 1134592K
  class space    used 11405K, capacity 12274K, committed 13096K, reserved 1048576K
}

