# JRE version: Java(TM) SE Runtime Environment (8.0_131-b11) (build 1.8.0_131-b11)
# Java VM: Java HotSpot(TM) 64-Bit Server VM (25.131-b11 mixed mode windows-amd64 compressed oops)
Heap:
 PSYoungGen      total 342016K, used 59878K [0x0000000740500000, 0x0000000757780000, 0x00000007c0000000)
  eden space 317440K, 14% used [0x0000000740500000,0x00000007431c6380,0x0000000753b00000)
  from space 24576K, 57% used [0x0000000753b00000,0x00000007548b3660,0x0000000755300000)
  to   space 20992K, 0% used [0x0000000755300000,0x0000000755300000,0x0000000756780000)
 ParOldGen       total 238080K, used 34990K [0x0000000640e00000, 0x000000064f680000, 0x0000000740500000)
  object space 238080K, 14% used [0x0000000640e00000,0x000000064302bb18,0x000000064f680000)
 Metaspace       used 98000K, capacity 108354K, committed 109592K, reserved 1144832K
  class space    used 13366K, capacity 14356K, committed 14632K, reserved 1048576K
GC Heap History (10 events):
Event: 15.773 GC heap before
{Heap before GC invocations=9 (full 3):
 PSYoungGen      total 191488K, used 175104K [0x0000000740500000, 0x0000000751680000, 0x00000007c0000000)
  eden space 175104K, 100% used [0x0000000740500000,0x000000074b000000,0x000000074b000000)
  from space 16384K, 0% used [0x000000074b000000,0x000000074b000000,0x000000074c000000)
  to   space 15360K, 0% used [0x0000000750780000,0x0000000750780000,0x0000000751680000)
 ParOldGen       total 238080K, used 20271K [0x0000000640e00000, 0x000000064f680000, 0x0000000740500000)
  object space 238080K, 8% used [0x0000000640e00000,0x00000006421cbe08,0x000000064f680000)
 Metaspace       used 57364K, capacity 66640K, committed 66968K, reserved 1107968K
  class space    used 8206K, capacity 9263K, committed 9384K, reserved 1048576K
Event: 15.777 GC heap after
Heap after GC invocations=9 (full 3):
 PSYoungGen      total 240640K, used 4306K [0x0000000740500000, 0x0000000750c00000, 0x00000007c0000000)
  eden space 236032K, 0% used [0x0000000740500000,0x0000000740500000,0x000000074eb80000)
  from space 4608K, 93% used [0x0000000750780000,0x0000000750bb4960,0x0000000750c00000)
  to   space 16384K, 0% used [0x000000074ec00000,0x000000074ec00000,0x000000074fc00000)
 ParOldGen       total 238080K, used 20279K [0x0000000640e00000, 0x000000064f680000, 0x0000000740500000)
  object space 238080K, 8% used [0x0000000640e00000,0x00000006421cde08,0x000000064f680000)
 Metaspace       used 57364K, capacity 66640K, committed 66968K, reserved 1107968K
  class space    used 8206K, capacity 9263K, committed 9384K, reserved 1048576K
}
Event: 16.999 GC heap before
{Heap before GC invocations=10 (full 3):
 PSYoungGen      total 240640K, used 240338K [0x0000000740500000, 0x0000000750c00000, 0x00000007c0000000)
  eden space 236032K, 100% used [0x0000000740500000,0x000000074eb80000,0x000000074eb80000)
  from space 4608K, 93% used [0x0000000750780000,0x0000000750bb4960,0x0000000750c00000)
  to   space 16384K, 0% used [0x000000074ec00000,0x000000074ec00000,0x000000074fc00000)
 ParOldGen       total 238080K, used 20279K [0x0000000640e00000, 0x000000064f680000, 0x0000000740500000)
  object space 238080K, 8% used [0x0000000640e00000,0x00000006421cde08,0x000000064f680000)
 Metaspace       used 72360K, capacity 82555K, committed 82712K, reserved 1120256K
  class space    used 10104K, capacity 11242K, committed 11304K, reserved 1048576K
Event: 17.012 GC heap after
Heap after GC invocations=10 (full 3):
 PSYoungGen      total 252928K, used 16379K [0x0000000740500000, 0x0000000756780000, 0x00000007c0000000)
  eden space 236544K, 0% used [0x0000000740500000,0x0000000740500000,0x000000074ec00000)
  from space 16384K, 99% used [0x000000074ec00000,0x000000074fbfef78,0x000000074fc00000)
  to   space 20992K, 0% used [0x0000000755300000,0x0000000755300000,0x0000000756780000)
 ParOldGen       total 238080K, used 24940K [0x0000000640e00000, 0x000000064f680000, 0x0000000740500000)
  object space 238080K, 10% used [0x0000000640e00000,0x000000064265b180,0x000000064f680000)
 Metaspace       used 72360K, capacity 82555K, committed 82712K, reserved 1120256K
  class space    used 10104K, capacity 11242K, committed 11304K, reserved 1048576K
}
Event: 18.043 GC heap before
{Heap before GC invocations=11 (full 3):
 PSYoungGen      total 252928K, used 186014K [0x0000000740500000, 0x0000000756780000, 0x00000007c0000000)
  eden space 236544K, 71% used [0x0000000740500000,0x000000074aaa8928,0x000000074ec00000)
  from space 16384K, 99% used [0x000000074ec00000,0x000000074fbfef78,0x000000074fc00000)
  to   space 20992K, 0% used [0x0000000755300000,0x0000000755300000,0x0000000756780000)
 ParOldGen       total 238080K, used 24940K [0x0000000640e00000, 0x000000064f680000, 0x0000000740500000)
  object space 238080K, 10% used [0x0000000640e00000,0x000000064265b180,0x000000064f680000)
 Metaspace       used 87402K, capacity 98523K, committed 98600K, reserved 1134592K
  class space    used 12182K, capacity 13406K, committed 13480K, reserved 1048576K
Event: 18.058 GC heap after
Heap after GC invocations=11 (full 3):
 PSYoungGen      total 338432K, used 20969K [0x0000000740500000, 0x0000000757780000, 0x00000007c0000000)
  eden space 317440K, 0% used [0x0000000740500000,0x0000000740500000,0x0000000753b00000)
  from space 20992K, 99% used [0x0000000755300000,0x000000075677a500,0x0000000756780000)
  to   space 24576K, 0% used [0x0000000753b00000,0x0000000753b00000,0x0000000755300000)
 ParOldGen       total 238080K, used 26299K [0x0000000640e00000, 0x000000064f680000, 0x0000000740500000)
  object space 238080K, 11% used [0x0000000640e00000,0x00000006427aeee8,0x000000064f680000)
 Metaspace       used 87402K, capacity 98523K, committed 98600K, reserved 1134592K
  class space    used 12182K, capacity 13406K, committed 13480K, reserved 1048576K
}
Event: 18.058 GC heap before
{Heap before GC invocations=12 (full 4):
 PSYoungGen      total 338432K, used 20969K [0x0000000740500000, 0x0000000757780000, 0x00000007c0000000)
  eden space 317440K, 0% used [0x0000000740500000,0x0000000740500000,0x0000000753b00000)
  from space 20992K, 99% used [0x0000000755300000,0x000000075677a500,0x0000000756780000)
  to   space 24576K, 0% used [0x0000000753b00000,0x0000000753b00000,0x0000000755300000)
 ParOldGen       total 238080K, used 26299K [0x0000000640e00000, 0x000000064f680000, 0x0000000740500000)
  object space 238080K, 11% used [0x0000000640e00000,0x00000006427aeee8,0x000000064f680000)
 Metaspace       used 87402K, capacity 98523K, committed 98600K, reserved 1134592K
  class space    used 12182K, capacity 13406K, committed 13480K, reserved 1048576K
Event: 18.119 GC heap after
Heap after GC invocations=12 (full 4):
 PSYoungGen      total 338432K, used 0K [0x0000000740500000, 0x0000000757780000, 0x00000007c0000000)
  eden space 317440K, 0% used [0x0000000740500000,0x0000000740500000,0x0000000753b00000)
  from space 20992K, 0% used [0x0000000755300000,0x0000000755300000,0x0000000756780000)
  to   space 24576K, 0% used [0x0000000753b00000,0x0000000753b00000,0x0000000755300000)
 ParOldGen       total 238080K, used 34982K [0x0000000640e00000, 0x000000064f680000, 0x0000000740500000)
  object space 238080K, 14% used [0x0000000640e00000,0x0000000643029b18,0x000000064f680000)
 Metaspace       used 85816K, capacity 94680K, committed 98600K, reserved 1134592K
  class space    used 11782K, capacity 12701K, committed 13480K, reserved 1048576K
}
Event: 20.635 GC heap before
{Heap before GC invocations=13 (full 4):
 PSYoungGen      total 338432K, used 317440K [0x0000000740500000, 0x0000000757780000, 0x00000007c0000000)
  eden space 317440K, 100% used [0x0000000740500000,0x0000000753b00000,0x0000000753b00000)
  from space 20992K, 0% used [0x0000000755300000,0x0000000755300000,0x0000000756780000)
  to   space 24576K, 0% used [0x0000000753b00000,0x0000000753b00000,0x0000000755300000)
 ParOldGen       total 238080K, used 34982K [0x0000000640e00000, 0x000000064f680000, 0x0000000740500000)
  object space 238080K, 14% used [0x0000000640e00000,0x0000000643029b18,0x000000064f680000)
 Metaspace       used 97770K, capacity 108044K, committed 109336K, reserved 1144832K
  class space    used 13360K, capacity 14347K, committed 14632K, reserved 1048576K
Event: 20.648 GC heap after
Heap after GC invocations=13 (full 4):
 PSYoungGen      total 342016K, used 14029K [0x0000000740500000, 0x0000000757780000, 0x00000007c0000000)
  eden space 317440K, 0% used [0x0000000740500000,0x0000000740500000,0x0000000753b00000)
  from space 24576K, 57% used [0x0000000753b00000,0x00000007548b3660,0x0000000755300000)
  to   space 20992K, 0% used [0x0000000755300000,0x0000000755300000,0x0000000756780000)
 ParOldGen       total 238080K, used 34990K [0x0000000640e00000, 0x000000064f680000, 0x0000000740500000)
  object space 238080K, 14% used [0x0000000640e00000,0x000000064302bb18,0x000000064f680000)
 Metaspace       used 97770K, capacity 108044K, committed 109336K, reserved 1144832K
  class space    used 13360K, capacity 14347K, committed 14632K, reserved 1048576K
}

